myHotel/app/build/intermediates/manifest_merge_blame_file/debug/manifest-merger-blame-debug-report.txt
1<?xml version="1.0" encoding="utf-8"?>
2<manifest xmlns:android="http://schemas.android.com/apk/res/android"
3    package="com.example.myhotel"
4    android:versionCode="1"
5    android:versionName="1.0" >
6
7    <uses-sdk
8        android:minSdkVersion="27"
8-->src\main\AndroidManifest.xml
9        android:targetSdkVersion="30" />
9-->src\main\AndroidManifest.xml
10
11    <uses-permission android:name="android.permission.INTERNET" />
11-->src\main\AndroidManifest.xml:5:5-67
11-->src\main\AndroidManifest.xml:5:22-64
12    <uses-permission android:name="android.permission.ACCESS_COARSE_LOCATION" />
12-->src\main\AndroidManifest.xml:6:5-81
12-->src\main\AndroidManifest.xml:6:22-78
13    <uses-permission android:name="android.permission.ACCESS_FINE_LOCATION" />
13-->src\main\AndroidManifest.xml:7:5-79
13-->src\main\AndroidManifest.xml:7:22-76
14    <uses-permission android:name="android.permission.WRITE_EXTERNAL_STORAGE" />
14-->src\main\AndroidManifest.xml:8:5-81
14-->src\main\AndroidManifest.xml:8:22-78
15    <uses-permission android:name="android.permission.READ_EXTERNAL_STORAGE" />
15-->src\main\AndroidManifest.xml:9:5-80
15-->src\main\AndroidManifest.xml:9:22-77
16    <uses-permission android:name="android.permission.NFC" />
16-->src\main\AndroidManifest.xml:10:5-61
16-->src\main\AndroidManifest.xml:10:22-59
17
18    <application
18-->src\main\AndroidManifest.xml:11:5-39:19
19        android:allowBackup="true"
19-->src\main\AndroidManifest.xml:12:9-35
20        android:appComponentFactory="androidx.core.app.CoreComponentFactory"
20-->[androidx.core:core:1.3.1] AndroidManifest.xml:24:18-86
21        android:debuggable="true"
22        android:extractNativeLibs="false"
23        android:icon="@mipmap/ic_launcher"
23-->src\main\AndroidManifest.xml:13:9-43
24        android:label="@string/app_name"
24-->src\main\AndroidManifest.xml:14:9-41
25        android:roundIcon="@mipmap/ic_launcher_round"
25-->src\main\AndroidManifest.xml:15:9-54
26        android:supportsRtl="true"
26-->src\main\AndroidManifest.xml:16:9-35
27        android:testOnly="true"
28        android:theme="@style/Theme.MyHotel" >
28-->src\main\AndroidManifest.xml:17:9-45
29        <activity android:name="com.example.myhotel.RegisterActivity" />
29-->src\main\AndroidManifest.xml:18:9-63
29-->src\main\AndroidManifest.xml:18:19-51
30        <activity
30-->src\main\AndroidManifest.xml:19:9-23:59
31            android:name="com.example.myhotel.LoginActivity"
31-->src\main\AndroidManifest.xml:20:13-42
32            android:hardwareAccelerated="true"
32-->src\main\AndroidManifest.xml:21:13-47
33            android:screenOrientation="portrait"
33-->src\main\AndroidManifest.xml:22:13-49
34            android:windowSoftInputMode="adjustNothing" />
34-->src\main\AndroidManifest.xml:23:13-56
35        <activity
35-->src\main\AndroidManifest.xml:24:9-34:20
36            android:name="com.example.myhotel.SplashScreen"
36-->src\main\AndroidManifest.xml:25:13-41
37            android:hardwareAccelerated="true"
37-->src\main\AndroidManifest.xml:26:13-47
38            android:screenOrientation="portrait"
38-->src\main\AndroidManifest.xml:27:13-49
39            android:windowSoftInputMode="adjustNothing" >
39-->src\main\AndroidManifest.xml:28:13-56
40            <intent-filter>
40-->src\main\AndroidManifest.xml:29:13-33:29
41                <action android:name="android.intent.action.MAIN" />
41-->src\main\AndroidManifest.xml:30:17-69
41-->src\main\AndroidManifest.xml:30:25-66
42
43                <category android:name="android.intent.category.LAUNCHER" />
43-->src\main\AndroidManifest.xml:32:17-77
43-->src\main\AndroidManifest.xml:32:27-74
44            </intent-filter>
45        </activity>
46
47        <meta-data
47-->src\main\AndroidManifest.xml:36:9-38:57
48            android:name="preloaded_fonts"
48-->src\main\AndroidManifest.xml:37:13-43
49            android:resource="@array/preloaded_fonts" />
49-->src\main\AndroidManifest.xml:38:13-54
50    </application>
51
52</manifest>